12.9618 	INFO 	FRAME RATE: 60
12.9618 	INFO 	SCREEN RES: [1920, 1080]
13.0639 	EXP 	Created unnamed TextStim = TextStim(__class__=<class 'psychopy.visual.text.TextStim'>, alignHoriz=method-wrapper(...), alignText='center', alignVert=method-wrapper(...), anchorHoriz='center', anchorVert='center', antialias=True, autoLog=True, bold=False, color='#f2f2f2', colorSpace='hex', contrast=1.0, depth=0, flipHoriz=False, flipVert=False, font='', fontFiles=[], height=40, italic=False, languageStyle='LTR', name='unnamed TextStim', opacity=1.0, ori=0.0, pos=array([0., 0.]), rgb=array([242, 242, 242]), text='Poprawna odpowiedź', units='pix', win=Window(...), wrapWidth=500)
13.0679 	EXP 	Created unnamed TextStim = TextStim(__class__=<class 'psychopy.visual.text.TextStim'>, alignHoriz=method-wrapper(...), alignText='center', alignVert=method-wrapper(...), anchorHoriz='center', anchorVert='center', antialias=True, autoLog=True, bold=False, color='#f2f2f2', colorSpace='hex', contrast=1.0, depth=0, flipHoriz=False, flipVert=False, font='', fontFiles=[], height=40, italic=False, languageStyle='LTR', name='unnamed TextStim', opacity=1.0, ori=0.0, pos=array([0., 0.]), rgb=array([242, 242, 242]), text='Niepoprawna odpowiedź', units='pix', win=Window(...), wrapWidth=500)
13.0753 	EXP 	Created unnamed TextStim = TextStim(__class__=<class 'psychopy.visual.text.TextStim'>, alignHoriz=method-wrapper(...), alignText='center', alignVert=method-wrapper(...), anchorHoriz='center', anchorVert='center', antialias=True, autoLog=True, bold=False, color='#f2f2f2', colorSpace='hex', contrast=1.0, depth=0, flipHoriz=False, flipVert=False, font='', fontFiles=[], height=40, italic=False, languageStyle='LTR', name='unnamed TextStim', opacity=1.0, ori=0.0, pos=array([0., 0.]), rgb=array([242, 242, 242]), text='Nie udzieliłeś odpowiedzi', units='pix', win=Window(...), wrapWidth=500)
13.0974 	EXP 	Created unnamed Rect = Rect(__class__=<class 'psychopy.visual.rect.Rect'>, autoDraw=False, autoLog=True, closeShape=True, color=method-wrapper(...), colorSpace=None, contrast=1.0, depth=0, fillColor='#f2f2f2', fillColorSpace='hex', fillRGB=array([242, 242, 242]), interpolate=True, lineColor='#f2f2f2', lineColorSpace='hex', lineRGB=array([242, 242, 242]), lineWidth=1.5, name='unnamed Rect', opacity=1.0, ori=array(0.), pos=array([-60.,   0.]), size=array([80., 80.]), units='pix', vertices=ndarray(...), win=Window(...))
13.0990 	EXP 	Created unnamed Rect = Rect(__class__=<class 'psychopy.visual.rect.Rect'>, autoDraw=False, autoLog=True, closeShape=True, color=method-wrapper(...), colorSpace=None, contrast=1.0, depth=0, fillColor='#f2f2f2', fillColorSpace='hex', fillRGB=array([242, 242, 242]), interpolate=True, lineColor='#f2f2f2', lineColorSpace='hex', lineRGB=array([242, 242, 242]), lineWidth=1.5, name='unnamed Rect', opacity=1.0, ori=array(0.), pos=array([60.,  0.]), size=array([80., 80.]), units='pix', vertices=ndarray(...), win=Window(...))
13.1154 	EXP 	Created unnamed ImageStim = ImageStim(__class__=<class 'psychopy.visual.image.ImageStim'>, autoLog=True, color=array([1., 1., 1.]), colorSpace='rgb', contrast=1.0, depth=0, flipHoriz=False, flipVert=False, image='./stims/PRE_STIMULI.bmp', interpolate=False, mask=None, maskParams=None, name='unnamed ImageStim', opacity=1.0, ori=0.0, pos=array([0., 0.]), size=array([960, 720]), texRes=128, units='pix', win=Window(...))
13.1221 	EXP 	Created unnamed TextStim = TextStim(__class__=<class 'psychopy.visual.text.TextStim'>, alignHoriz=method-wrapper(...), alignText='center', alignVert=method-wrapper(...), anchorHoriz='center', anchorVert='center', antialias=True, autoLog=True, bold=False, color='#f2f2f2', colorSpace='hex', contrast=1.0, depth=0, flipHoriz=False, flipVert=False, font='', fontFiles=[], height=30, italic=False, languageStyle='LTR', name='unnamed TextStim', opacity=1.0, ori=0.0, pos=array([   0., -200.]), rgb=array([242, 242, 242]), text='←       →', units='pix', win=Window(...), wrapWidth=500)
13.1469 	EXP 	Created unnamed TextStim = TextStim(__class__=<class 'psychopy.visual.text.TextStim'>, alignHoriz=method-wrapper(...), alignText='center', alignVert=method-wrapper(...), anchorHoriz='center', anchorVert='center', antialias=True, autoLog=True, bold=False, color='#f2f2f2', colorSpace='hex', contrast=1.0, depth=0, flipHoriz=False, flipVert=False, font='', fontFiles=[], height=20, italic=False, languageStyle='LTR', name='unnamed TextStim', opacity=1.0, ori=0.0, pos=array([   0., -180.]), rgb=array([242, 242, 242]), text='Który kwadrat pojawił się pierwszy?', units='pix', win=Window(...), wrapWidth=500)
13.3292 	EXP 	Created unnamed TextStim = TextStim(__class__=<class 'psychopy.visual.text.TextStim'>, alignHoriz=method-wrapper(...), alignText='center', alignVert=method-wrapper(...), anchorHoriz='center', anchorVert='center', antialias=True, autoLog=True, bold=False, color='#f2f2f2', colorSpace='hex', contrast=1.0, depth=0, flipHoriz=False, flipVert=False, font='', fontFiles=[], height=30, italic=False, languageStyle='LTR', name='unnamed TextStim', opacity=1.0, ori=0.0, pos=array([0., 0.]), rgb=array([242, 242, 242]), text=str(...), units='pix', win=Window(...), wrapWidth=1920)
32.1143 	DATA 	Keypress: space
35.8112 	DATA 	Keypress: left
35.8803 	EXP 	Created unnamed RatingScale = RatingScale(__class__=type(...), acceptKeys=['return'], acceptPreText=UNKNOWN, acceptSize=UNKNOWN, acceptText='accept?', autoLog=True, choices=['Żadna', 'Mała', 'Duża', 'Całkowita'], depth=0, disappear=False, flipVert=False, high=3, kwargs=UNKNOWN, labels=list(...), leftKeys=['left'], lineColor='White', low=0, marker=ShapeStim(...), markerColor='DarkBlue', markerExpansion=UNKNOWN, markerStart=2.0, maxTime=0.0, minTime=0.4, mouseOnly=False, name='unnamed RatingScale', noMouse=True, pos=[0.0, -0.4], precision=1, respKeys=['0', '1', '2', '3'], rightKeys=['right'], scale=str(...), self=UNKNOWN, showAccept=True, showValue=True, singleClick=False, size=0.48, skipKeys=['tab'], stretch=1.4, textColor='LightGray', textFont='Helvetica Bold', textSize=0.096, tickHeight=1.0, tickMarks=3.0, win=Window(...))
35.8942 	EXP 	unnamed RatingScale: flipVert = False
35.8942 	EXP 	unnamed RatingScale: autoLog = True
36.5468 	DATA 	Keypress: return
36.5469 	DATA 	RatingScale unnamed RatingScale: (key response) rating=Duża
36.5469 	DATA 	RatingScale unnamed RatingScale: rating RT=0.667
36.5470 	DATA 	RatingScale unnamed RatingScale: history=[('Duża', 0.0), ('Duża', 0.667)]
42.2954 	DATA 	Keypress: right
42.3201 	EXP 	Created unnamed RatingScale = RatingScale(__class__=type(...), acceptKeys=['return'], acceptPreText=UNKNOWN, acceptSize=UNKNOWN, acceptText='accept?', autoLog=True, choices=['Żadna', 'Mała', 'Duża', 'Całkowita'], depth=0, disappear=False, flipVert=False, high=3, kwargs=UNKNOWN, labels=list(...), leftKeys=['left'], lineColor='White', low=0, marker=ShapeStim(...), markerColor='DarkBlue', markerExpansion=UNKNOWN, markerStart=2.0, maxTime=0.0, minTime=0.4, mouseOnly=False, name='unnamed RatingScale', noMouse=True, pos=[0.0, -0.4], precision=1, respKeys=['0', '1', '2', '3'], rightKeys=['right'], scale=str(...), self=UNKNOWN, showAccept=True, showValue=True, singleClick=False, size=0.48, skipKeys=['tab'], stretch=1.4, textColor='LightGray', textFont='Helvetica Bold', textSize=0.096, tickHeight=1.0, tickMarks=3.0, win=Window(...))
42.3453 	EXP 	unnamed RatingScale: flipVert = False
42.3453 	EXP 	unnamed RatingScale: autoLog = True
42.9335 	DATA 	Keypress: left
43.2560 	DATA 	Keypress: return
43.2561 	DATA 	RatingScale unnamed RatingScale: (key response) rating=Mała
43.2562 	DATA 	RatingScale unnamed RatingScale: rating RT=0.936
43.2562 	DATA 	RatingScale unnamed RatingScale: history=[('Duża', 0.0), ('Mała', 0.614), ('Mała', 0.936)]
48.2328 	DATA 	Keypress: left
48.2696 	EXP 	Created unnamed RatingScale = RatingScale(__class__=type(...), acceptKeys=['return'], acceptPreText=UNKNOWN, acceptSize=UNKNOWN, acceptText='accept?', autoLog=True, choices=['Żadna', 'Mała', 'Duża', 'Całkowita'], depth=0, disappear=False, flipVert=False, high=3, kwargs=UNKNOWN, labels=list(...), leftKeys=['left'], lineColor='White', low=0, marker=ShapeStim(...), markerColor='DarkBlue', markerExpansion=UNKNOWN, markerStart=2.0, maxTime=0.0, minTime=0.4, mouseOnly=False, name='unnamed RatingScale', noMouse=True, pos=[0.0, -0.4], precision=1, respKeys=['0', '1', '2', '3'], rightKeys=['right'], scale=str(...), self=UNKNOWN, showAccept=True, showValue=True, singleClick=False, size=0.48, skipKeys=['tab'], stretch=1.4, textColor='LightGray', textFont='Helvetica Bold', textSize=0.096, tickHeight=1.0, tickMarks=3.0, win=Window(...))
48.3026 	EXP 	unnamed RatingScale: flipVert = False
48.3026 	EXP 	unnamed RatingScale: autoLog = True
48.9669 	DATA 	Keypress: return
48.9671 	DATA 	RatingScale unnamed RatingScale: (key response) rating=Duża
48.9671 	DATA 	RatingScale unnamed RatingScale: rating RT=0.698
48.9672 	DATA 	RatingScale unnamed RatingScale: history=[('Duża', 0.0), ('Duża', 0.697)]
54.6627 	DATA 	Keypress: left
54.6808 	EXP 	Created unnamed RatingScale = RatingScale(__class__=type(...), acceptKeys=['return'], acceptPreText=UNKNOWN, acceptSize=UNKNOWN, acceptText='accept?', autoLog=True, choices=['Żadna', 'Mała', 'Duża', 'Całkowita'], depth=0, disappear=False, flipVert=False, high=3, kwargs=UNKNOWN, labels=list(...), leftKeys=['left'], lineColor='White', low=0, marker=ShapeStim(...), markerColor='DarkBlue', markerExpansion=UNKNOWN, markerStart=2.0, maxTime=0.0, minTime=0.4, mouseOnly=False, name='unnamed RatingScale', noMouse=True, pos=[0.0, -0.4], precision=1, respKeys=['0', '1', '2', '3'], rightKeys=['right'], scale=str(...), self=UNKNOWN, showAccept=True, showValue=True, singleClick=False, size=0.48, skipKeys=['tab'], stretch=1.4, textColor='LightGray', textFont='Helvetica Bold', textSize=0.096, tickHeight=1.0, tickMarks=3.0, win=Window(...))
54.6957 	EXP 	unnamed RatingScale: flipVert = False
54.6957 	EXP 	unnamed RatingScale: autoLog = True
55.1998 	DATA 	Keypress: return
55.1999 	DATA 	RatingScale unnamed RatingScale: (key response) rating=Duża
55.1999 	DATA 	RatingScale unnamed RatingScale: rating RT=0.519
55.1999 	DATA 	RatingScale unnamed RatingScale: history=[('Duża', 0.0), ('Duża', 0.519)]
60.1822 	DATA 	Keypress: left
60.2229 	EXP 	Created unnamed RatingScale = RatingScale(__class__=type(...), acceptKeys=['return'], acceptPreText=UNKNOWN, acceptSize=UNKNOWN, acceptText='accept?', autoLog=True, choices=['Żadna', 'Mała', 'Duża', 'Całkowita'], depth=0, disappear=False, flipVert=False, high=3, kwargs=UNKNOWN, labels=list(...), leftKeys=['left'], lineColor='White', low=0, marker=ShapeStim(...), markerColor='DarkBlue', markerExpansion=UNKNOWN, markerStart=2.0, maxTime=0.0, minTime=0.4, mouseOnly=False, name='unnamed RatingScale', noMouse=True, pos=[0.0, -0.4], precision=1, respKeys=['0', '1', '2', '3'], rightKeys=['right'], scale=str(...), self=UNKNOWN, showAccept=True, showValue=True, singleClick=False, size=0.48, skipKeys=['tab'], stretch=1.4, textColor='LightGray', textFont='Helvetica Bold', textSize=0.096, tickHeight=1.0, tickMarks=3.0, win=Window(...))
60.2546 	EXP 	unnamed RatingScale: flipVert = False
60.2546 	EXP 	unnamed RatingScale: autoLog = True
60.6152 	DATA 	Keypress: return
61.1156 	DATA 	Keypress: return
61.1158 	DATA 	RatingScale unnamed RatingScale: (key response) rating=Duża
61.1159 	DATA 	RatingScale unnamed RatingScale: rating RT=0.893
61.1159 	DATA 	RatingScale unnamed RatingScale: history=[('Duża', 0.0), ('Duża', 0.893)]
67.2174 	DATA 	Keypress: left
67.2544 	EXP 	Created unnamed RatingScale = RatingScale(__class__=type(...), acceptKeys=['return'], acceptPreText=UNKNOWN, acceptSize=UNKNOWN, acceptText='accept?', autoLog=True, choices=['Żadna', 'Mała', 'Duża', 'Całkowita'], depth=0, disappear=False, flipVert=False, high=3, kwargs=UNKNOWN, labels=list(...), leftKeys=['left'], lineColor='White', low=0, marker=ShapeStim(...), markerColor='DarkBlue', markerExpansion=UNKNOWN, markerStart=2.0, maxTime=0.0, minTime=0.4, mouseOnly=False, name='unnamed RatingScale', noMouse=True, pos=[0.0, -0.4], precision=1, respKeys=['0', '1', '2', '3'], rightKeys=['right'], scale=str(...), self=UNKNOWN, showAccept=True, showValue=True, singleClick=False, size=0.48, skipKeys=['tab'], stretch=1.4, textColor='LightGray', textFont='Helvetica Bold', textSize=0.096, tickHeight=1.0, tickMarks=3.0, win=Window(...))
67.2798 	EXP 	unnamed RatingScale: flipVert = False
67.2798 	EXP 	unnamed RatingScale: autoLog = True
67.6822 	DATA 	Keypress: return
67.6823 	DATA 	RatingScale unnamed RatingScale: (key response) rating=Duża
67.6824 	DATA 	RatingScale unnamed RatingScale: rating RT=0.428
67.6824 	DATA 	RatingScale unnamed RatingScale: history=[('Duża', 0.0), ('Duża', 0.428)]
72.6635 	DATA 	Keypress: right
72.6835 	EXP 	Created unnamed RatingScale = RatingScale(__class__=type(...), acceptKeys=['return'], acceptPreText=UNKNOWN, acceptSize=UNKNOWN, acceptText='accept?', autoLog=True, choices=['Żadna', 'Mała', 'Duża', 'Całkowita'], depth=0, disappear=False, flipVert=False, high=3, kwargs=UNKNOWN, labels=list(...), leftKeys=['left'], lineColor='White', low=0, marker=ShapeStim(...), markerColor='DarkBlue', markerExpansion=UNKNOWN, markerStart=2.0, maxTime=0.0, minTime=0.4, mouseOnly=False, name='unnamed RatingScale', noMouse=True, pos=[0.0, -0.4], precision=1, respKeys=['0', '1', '2', '3'], rightKeys=['right'], scale=str(...), self=UNKNOWN, showAccept=True, showValue=True, singleClick=False, size=0.48, skipKeys=['tab'], stretch=1.4, textColor='LightGray', textFont='Helvetica Bold', textSize=0.096, tickHeight=1.0, tickMarks=3.0, win=Window(...))
72.6965 	EXP 	unnamed RatingScale: flipVert = False
72.6965 	EXP 	unnamed RatingScale: autoLog = True
73.0200 	DATA 	Keypress: return
73.6158 	DATA 	Keypress: return
73.6159 	DATA 	RatingScale unnamed RatingScale: (key response) rating=Duża
73.6159 	DATA 	RatingScale unnamed RatingScale: rating RT=0.932
73.6160 	DATA 	RatingScale unnamed RatingScale: history=[('Duża', 0.0), ('Duża', 0.932)]
78.1649 	DATA 	Keypress: left
78.1956 	EXP 	Created unnamed RatingScale = RatingScale(__class__=type(...), acceptKeys=['return'], acceptPreText=UNKNOWN, acceptSize=UNKNOWN, acceptText='accept?', autoLog=True, choices=['Żadna', 'Mała', 'Duża', 'Całkowita'], depth=0, disappear=False, flipVert=False, high=3, kwargs=UNKNOWN, labels=list(...), leftKeys=['left'], lineColor='White', low=0, marker=ShapeStim(...), markerColor='DarkBlue', markerExpansion=UNKNOWN, markerStart=2.0, maxTime=0.0, minTime=0.4, mouseOnly=False, name='unnamed RatingScale', noMouse=True, pos=[0.0, -0.4], precision=1, respKeys=['0', '1', '2', '3'], rightKeys=['right'], scale=str(...), self=UNKNOWN, showAccept=True, showValue=True, singleClick=False, size=0.48, skipKeys=['tab'], stretch=1.4, textColor='LightGray', textFont='Helvetica Bold', textSize=0.096, tickHeight=1.0, tickMarks=3.0, win=Window(...))
78.2172 	EXP 	unnamed RatingScale: flipVert = False
78.2172 	EXP 	unnamed RatingScale: autoLog = True
78.5343 	DATA 	Keypress: return
79.2161 	DATA 	Keypress: return
79.2162 	DATA 	RatingScale unnamed RatingScale: (key response) rating=Duża
79.2162 	DATA 	RatingScale unnamed RatingScale: rating RT=1.021
79.2162 	DATA 	RatingScale unnamed RatingScale: history=[('Duża', 0.0), ('Duża', 1.021)]
85.4479 	DATA 	Keypress: right
85.4757 	EXP 	Created unnamed RatingScale = RatingScale(__class__=type(...), acceptKeys=['return'], acceptPreText=UNKNOWN, acceptSize=UNKNOWN, acceptText='accept?', autoLog=True, choices=['Żadna', 'Mała', 'Duża', 'Całkowita'], depth=0, disappear=False, flipVert=False, high=3, kwargs=UNKNOWN, labels=list(...), leftKeys=['left'], lineColor='White', low=0, marker=ShapeStim(...), markerColor='DarkBlue', markerExpansion=UNKNOWN, markerStart=2.0, maxTime=0.0, minTime=0.4, mouseOnly=False, name='unnamed RatingScale', noMouse=True, pos=[0.0, -0.4], precision=1, respKeys=['0', '1', '2', '3'], rightKeys=['right'], scale=str(...), self=UNKNOWN, showAccept=True, showValue=True, singleClick=False, size=0.48, skipKeys=['tab'], stretch=1.4, textColor='LightGray', textFont='Helvetica Bold', textSize=0.096, tickHeight=1.0, tickMarks=3.0, win=Window(...))
85.4971 	EXP 	unnamed RatingScale: flipVert = False
85.4971 	EXP 	unnamed RatingScale: autoLog = True
85.8687 	DATA 	Keypress: return
86.6666 	DATA 	Keypress: return
86.6667 	DATA 	RatingScale unnamed RatingScale: (key response) rating=Duża
86.6667 	DATA 	RatingScale unnamed RatingScale: rating RT=1.191
86.6667 	DATA 	RatingScale unnamed RatingScale: history=[('Duża', 0.0), ('Duża', 1.191)]
92.3643 	DATA 	Keypress: left
92.3859 	EXP 	Created unnamed RatingScale = RatingScale(__class__=type(...), acceptKeys=['return'], acceptPreText=UNKNOWN, acceptSize=UNKNOWN, acceptText='accept?', autoLog=True, choices=['Żadna', 'Mała', 'Duża', 'Całkowita'], depth=0, disappear=False, flipVert=False, high=3, kwargs=UNKNOWN, labels=list(...), leftKeys=['left'], lineColor='White', low=0, marker=ShapeStim(...), markerColor='DarkBlue', markerExpansion=UNKNOWN, markerStart=2.0, maxTime=0.0, minTime=0.4, mouseOnly=False, name='unnamed RatingScale', noMouse=True, pos=[0.0, -0.4], precision=1, respKeys=['0', '1', '2', '3'], rightKeys=['right'], scale=str(...), self=UNKNOWN, showAccept=True, showValue=True, singleClick=False, size=0.48, skipKeys=['tab'], stretch=1.4, textColor='LightGray', textFont='Helvetica Bold', textSize=0.096, tickHeight=1.0, tickMarks=3.0, win=Window(...))
92.3977 	EXP 	unnamed RatingScale: flipVert = False
92.3977 	EXP 	unnamed RatingScale: autoLog = True
92.9718 	DATA 	Keypress: left
93.2877 	DATA 	Keypress: return
93.2879 	DATA 	RatingScale unnamed RatingScale: (key response) rating=Mała
93.2879 	DATA 	RatingScale unnamed RatingScale: rating RT=0.902
93.2880 	DATA 	RatingScale unnamed RatingScale: history=[('Duża', 0.0), ('Mała', 0.586), ('Mała', 0.902)]
98.7980 	DATA 	Keypress: left
98.8218 	EXP 	Created unnamed RatingScale = RatingScale(__class__=type(...), acceptKeys=['return'], acceptPreText=UNKNOWN, acceptSize=UNKNOWN, acceptText='accept?', autoLog=True, choices=['Żadna', 'Mała', 'Duża', 'Całkowita'], depth=0, disappear=False, flipVert=False, high=3, kwargs=UNKNOWN, labels=list(...), leftKeys=['left'], lineColor='White', low=0, marker=ShapeStim(...), markerColor='DarkBlue', markerExpansion=UNKNOWN, markerStart=2.0, maxTime=0.0, minTime=0.4, mouseOnly=False, name='unnamed RatingScale', noMouse=True, pos=[0.0, -0.4], precision=1, respKeys=['0', '1', '2', '3'], rightKeys=['right'], scale=str(...), self=UNKNOWN, showAccept=True, showValue=True, singleClick=False, size=0.48, skipKeys=['tab'], stretch=1.4, textColor='LightGray', textFont='Helvetica Bold', textSize=0.096, tickHeight=1.0, tickMarks=3.0, win=Window(...))
98.8476 	EXP 	unnamed RatingScale: flipVert = False
98.8476 	EXP 	unnamed RatingScale: autoLog = True
99.3032 	DATA 	Keypress: left
99.6678 	DATA 	Keypress: return
99.6679 	DATA 	RatingScale unnamed RatingScale: (key response) rating=Mała
99.6680 	DATA 	RatingScale unnamed RatingScale: rating RT=0.846
99.6680 	DATA 	RatingScale unnamed RatingScale: history=[('Duża', 0.0), ('Mała', 0.481), ('Mała', 0.846)]
104.9482 	DATA 	Keypress: right
104.9652 	EXP 	Created unnamed RatingScale = RatingScale(__class__=type(...), acceptKeys=['return'], acceptPreText=UNKNOWN, acceptSize=UNKNOWN, acceptText='accept?', autoLog=True, choices=['Żadna', 'Mała', 'Duża', 'Całkowita'], depth=0, disappear=False, flipVert=False, high=3, kwargs=UNKNOWN, labels=list(...), leftKeys=['left'], lineColor='White', low=0, marker=ShapeStim(...), markerColor='DarkBlue', markerExpansion=UNKNOWN, markerStart=2.0, maxTime=0.0, minTime=0.4, mouseOnly=False, name='unnamed RatingScale', noMouse=True, pos=[0.0, -0.4], precision=1, respKeys=['0', '1', '2', '3'], rightKeys=['right'], scale=str(...), self=UNKNOWN, showAccept=True, showValue=True, singleClick=False, size=0.48, skipKeys=['tab'], stretch=1.4, textColor='LightGray', textFont='Helvetica Bold', textSize=0.096, tickHeight=1.0, tickMarks=3.0, win=Window(...))
104.9812 	EXP 	unnamed RatingScale: flipVert = False
104.9812 	EXP 	unnamed RatingScale: autoLog = True
105.3342 	DATA 	Keypress: return
106.1868 	DATA 	Keypress: left
106.5346 	DATA 	Keypress: return
106.5347 	DATA 	RatingScale unnamed RatingScale: (key response) rating=Mała
106.5347 	DATA 	RatingScale unnamed RatingScale: rating RT=1.569
106.5347 	DATA 	RatingScale unnamed RatingScale: history=[('Duża', 0.0), ('Mała', 1.222), ('Mała', 1.569)]
112.0152 	DATA 	Keypress: left
112.0330 	EXP 	Created unnamed RatingScale = RatingScale(__class__=type(...), acceptKeys=['return'], acceptPreText=UNKNOWN, acceptSize=UNKNOWN, acceptText='accept?', autoLog=True, choices=['Żadna', 'Mała', 'Duża', 'Całkowita'], depth=0, disappear=False, flipVert=False, high=3, kwargs=UNKNOWN, labels=list(...), leftKeys=['left'], lineColor='White', low=0, marker=ShapeStim(...), markerColor='DarkBlue', markerExpansion=UNKNOWN, markerStart=2.0, maxTime=0.0, minTime=0.4, mouseOnly=False, name='unnamed RatingScale', noMouse=True, pos=[0.0, -0.4], precision=1, respKeys=['0', '1', '2', '3'], rightKeys=['right'], scale=str(...), self=UNKNOWN, showAccept=True, showValue=True, singleClick=False, size=0.48, skipKeys=['tab'], stretch=1.4, textColor='LightGray', textFont='Helvetica Bold', textSize=0.096, tickHeight=1.0, tickMarks=3.0, win=Window(...))
112.0482 	EXP 	unnamed RatingScale: flipVert = False
112.0482 	EXP 	unnamed RatingScale: autoLog = True
112.6025 	DATA 	Keypress: left
112.9740 	DATA 	Keypress: return
112.9742 	DATA 	RatingScale unnamed RatingScale: (key response) rating=Mała
112.9742 	DATA 	RatingScale unnamed RatingScale: rating RT=0.941
112.9742 	DATA 	RatingScale unnamed RatingScale: history=[('Duża', 0.0), ('Mała', 0.57), ('Mała', 0.941)]
118.9989 	DATA 	Keypress: right
119.0163 	EXP 	Created unnamed RatingScale = RatingScale(__class__=type(...), acceptKeys=['return'], acceptPreText=UNKNOWN, acceptSize=UNKNOWN, acceptText='accept?', autoLog=True, choices=['Żadna', 'Mała', 'Duża', 'Całkowita'], depth=0, disappear=False, flipVert=False, high=3, kwargs=UNKNOWN, labels=list(...), leftKeys=['left'], lineColor='White', low=0, marker=ShapeStim(...), markerColor='DarkBlue', markerExpansion=UNKNOWN, markerStart=2.0, maxTime=0.0, minTime=0.4, mouseOnly=False, name='unnamed RatingScale', noMouse=True, pos=[0.0, -0.4], precision=1, respKeys=['0', '1', '2', '3'], rightKeys=['right'], scale=str(...), self=UNKNOWN, showAccept=True, showValue=True, singleClick=False, size=0.48, skipKeys=['tab'], stretch=1.4, textColor='LightGray', textFont='Helvetica Bold', textSize=0.096, tickHeight=1.0, tickMarks=3.0, win=Window(...))
119.0321 	EXP 	unnamed RatingScale: flipVert = False
119.0321 	EXP 	unnamed RatingScale: autoLog = True
119.3677 	DATA 	Keypress: return
120.9190 	DATA 	Keypress: right
121.2348 	DATA 	Keypress: return
121.2349 	DATA 	RatingScale unnamed RatingScale: (key response) rating=Całkowita
121.2349 	DATA 	RatingScale unnamed RatingScale: rating RT=2.219
121.2349 	DATA 	RatingScale unnamed RatingScale: history=[('Duża', 0.0), ('Całkowita', 1.903), ('Całkowita', 2.219)]
127.3045 	DATA 	Keypress: left
127.3417 	EXP 	Created unnamed RatingScale = RatingScale(__class__=type(...), acceptKeys=['return'], acceptPreText=UNKNOWN, acceptSize=UNKNOWN, acceptText='accept?', autoLog=True, choices=['Żadna', 'Mała', 'Duża', 'Całkowita'], depth=0, disappear=False, flipVert=False, high=3, kwargs=UNKNOWN, labels=list(...), leftKeys=['left'], lineColor='White', low=0, marker=ShapeStim(...), markerColor='DarkBlue', markerExpansion=UNKNOWN, markerStart=2.0, maxTime=0.0, minTime=0.4, mouseOnly=False, name='unnamed RatingScale', noMouse=True, pos=[0.0, -0.4], precision=1, respKeys=['0', '1', '2', '3'], rightKeys=['right'], scale=str(...), self=UNKNOWN, showAccept=True, showValue=True, singleClick=False, size=0.48, skipKeys=['tab'], stretch=1.4, textColor='LightGray', textFont='Helvetica Bold', textSize=0.096, tickHeight=1.0, tickMarks=3.0, win=Window(...))
127.3659 	EXP 	unnamed RatingScale: flipVert = False
127.3659 	EXP 	unnamed RatingScale: autoLog = True
128.1190 	DATA 	Keypress: return
128.1191 	DATA 	RatingScale unnamed RatingScale: (key response) rating=Duża
128.1192 	DATA 	RatingScale unnamed RatingScale: rating RT=0.777
128.1192 	DATA 	RatingScale unnamed RatingScale: history=[('Duża', 0.0), ('Duża', 0.777)]
132.5662 	DATA 	Keypress: left
132.5994 	EXP 	Created unnamed RatingScale = RatingScale(__class__=type(...), acceptKeys=['return'], acceptPreText=UNKNOWN, acceptSize=UNKNOWN, acceptText='accept?', autoLog=True, choices=['Żadna', 'Mała', 'Duża', 'Całkowita'], depth=0, disappear=False, flipVert=False, high=3, kwargs=UNKNOWN, labels=list(...), leftKeys=['left'], lineColor='White', low=0, marker=ShapeStim(...), markerColor='DarkBlue', markerExpansion=UNKNOWN, markerStart=2.0, maxTime=0.0, minTime=0.4, mouseOnly=False, name='unnamed RatingScale', noMouse=True, pos=[0.0, -0.4], precision=1, respKeys=['0', '1', '2', '3'], rightKeys=['right'], scale=str(...), self=UNKNOWN, showAccept=True, showValue=True, singleClick=False, size=0.48, skipKeys=['tab'], stretch=1.4, textColor='LightGray', textFont='Helvetica Bold', textSize=0.096, tickHeight=1.0, tickMarks=3.0, win=Window(...))
132.6159 	EXP 	unnamed RatingScale: flipVert = False
132.6159 	EXP 	unnamed RatingScale: autoLog = True
133.0185 	DATA 	Keypress: right
133.4217 	DATA 	Keypress: return
133.4218 	DATA 	RatingScale unnamed RatingScale: (key response) rating=Całkowita
133.4218 	DATA 	RatingScale unnamed RatingScale: rating RT=0.822
133.4218 	DATA 	RatingScale unnamed RatingScale: history=[('Duża', 0.0), ('Całkowita', 0.419), ('Całkowita', 0.822)]
138.0225 	DATA 	Keypress: left
138.0598 	EXP 	Created unnamed RatingScale = RatingScale(__class__=type(...), acceptKeys=['return'], acceptPreText=UNKNOWN, acceptSize=UNKNOWN, acceptText='accept?', autoLog=True, choices=['Żadna', 'Mała', 'Duża', 'Całkowita'], depth=0, disappear=False, flipVert=False, high=3, kwargs=UNKNOWN, labels=list(...), leftKeys=['left'], lineColor='White', low=0, marker=ShapeStim(...), markerColor='DarkBlue', markerExpansion=UNKNOWN, markerStart=2.0, maxTime=0.0, minTime=0.4, mouseOnly=False, name='unnamed RatingScale', noMouse=True, pos=[0.0, -0.4], precision=1, respKeys=['0', '1', '2', '3'], rightKeys=['right'], scale=str(...), self=UNKNOWN, showAccept=True, showValue=True, singleClick=False, size=0.48, skipKeys=['tab'], stretch=1.4, textColor='LightGray', textFont='Helvetica Bold', textSize=0.096, tickHeight=1.0, tickMarks=3.0, win=Window(...))
138.0831 	EXP 	unnamed RatingScale: flipVert = False
138.0831 	EXP 	unnamed RatingScale: autoLog = True
138.3711 	DATA 	Keypress: right
138.8849 	DATA 	Keypress: right
139.1196 	DATA 	Keypress: return
139.1197 	DATA 	RatingScale unnamed RatingScale: (key response) rating=Całkowita
139.1198 	DATA 	RatingScale unnamed RatingScale: rating RT=1.060
139.1198 	DATA 	RatingScale unnamed RatingScale: history=[('Duża', 0.0), ('Całkowita', 0.825), ('Całkowita', 1.06)]
144.5184 	DATA 	Keypress: right
144.5719 	EXP 	Created unnamed RatingScale = RatingScale(__class__=type(...), acceptKeys=['return'], acceptPreText=UNKNOWN, acceptSize=UNKNOWN, acceptText='accept?', autoLog=True, choices=['Żadna', 'Mała', 'Duża', 'Całkowita'], depth=0, disappear=False, flipVert=False, high=3, kwargs=UNKNOWN, labels=list(...), leftKeys=['left'], lineColor='White', low=0, marker=ShapeStim(...), markerColor='DarkBlue', markerExpansion=UNKNOWN, markerStart=2.0, maxTime=0.0, minTime=0.4, mouseOnly=False, name='unnamed RatingScale', noMouse=True, pos=[0.0, -0.4], precision=1, respKeys=['0', '1', '2', '3'], rightKeys=['right'], scale=str(...), self=UNKNOWN, showAccept=True, showValue=True, singleClick=False, size=0.48, skipKeys=['tab'], stretch=1.4, textColor='LightGray', textFont='Helvetica Bold', textSize=0.096, tickHeight=1.0, tickMarks=3.0, win=Window(...))
144.6007 	EXP 	unnamed RatingScale: flipVert = False
144.6007 	EXP 	unnamed RatingScale: autoLog = True
144.9021 	DATA 	Keypress: right
145.2730 	DATA 	Keypress: right
145.5868 	DATA 	Keypress: return
145.5869 	DATA 	RatingScale unnamed RatingScale: (key response) rating=Całkowita
145.5870 	DATA 	RatingScale unnamed RatingScale: rating RT=1.015
145.5870 	DATA 	RatingScale unnamed RatingScale: history=[('Duża', 0.0), ('Całkowita', 0.701), ('Całkowita', 1.015)]
148.2963 	EXP 	Created unnamed TextStim = TextStim(__class__=<class 'psychopy.visual.text.TextStim'>, alignHoriz=method-wrapper(...), alignText='center', alignVert=method-wrapper(...), anchorHoriz='center', anchorVert='center', antialias=True, autoLog=True, bold=False, color='#f2f2f2', colorSpace='hex', contrast=1.0, depth=0, flipHoriz=False, flipVert=False, font='', fontFiles=[], height=30, italic=False, languageStyle='LTR', name='unnamed TextStim', opacity=1.0, ori=0.0, pos=array([0., 0.]), rgb=array([242, 242, 242]), text=str(...), units='pix', win=Window(...), wrapWidth=1920)
164.5463 	DATA 	Keypress: space
167.4012 	DATA 	Keypress: right
167.4259 	EXP 	Created unnamed RatingScale = RatingScale(__class__=type(...), acceptKeys=['return'], acceptPreText=UNKNOWN, acceptSize=UNKNOWN, acceptText='accept?', autoLog=True, choices=['Żadna', 'Mała', 'Duża', 'Całkowita'], depth=0, disappear=False, flipVert=False, high=3, kwargs=UNKNOWN, labels=list(...), leftKeys=['left'], lineColor='White', low=0, marker=ShapeStim(...), markerColor='DarkBlue', markerExpansion=UNKNOWN, markerStart=2.0, maxTime=0.0, minTime=0.4, mouseOnly=False, name='unnamed RatingScale', noMouse=True, pos=[0.0, -0.4], precision=1, respKeys=['0', '1', '2', '3'], rightKeys=['right'], scale=str(...), self=UNKNOWN, showAccept=True, showValue=True, singleClick=False, size=0.48, skipKeys=['tab'], stretch=1.4, textColor='LightGray', textFont='Helvetica Bold', textSize=0.096, tickHeight=1.0, tickMarks=3.0, win=Window(...))
167.4506 	EXP 	unnamed RatingScale: flipVert = False
167.4506 	EXP 	unnamed RatingScale: autoLog = True
167.9726 	DATA 	Keypress: right
168.2103 	DATA 	Keypress: return
168.2104 	DATA 	RatingScale unnamed RatingScale: (key response) rating=Całkowita
168.2104 	DATA 	RatingScale unnamed RatingScale: rating RT=0.785
168.2105 	DATA 	RatingScale unnamed RatingScale: history=[('Duża', 0.0), ('Całkowita', 0.547), ('Całkowita', 0.785)]
172.3040 	DATA 	Keypress: left
172.3465 	EXP 	Created unnamed RatingScale = RatingScale(__class__=type(...), acceptKeys=['return'], acceptPreText=UNKNOWN, acceptSize=UNKNOWN, acceptText='accept?', autoLog=True, choices=['Żadna', 'Mała', 'Duża', 'Całkowita'], depth=0, disappear=False, flipVert=False, high=3, kwargs=UNKNOWN, labels=list(...), leftKeys=['left'], lineColor='White', low=0, marker=ShapeStim(...), markerColor='DarkBlue', markerExpansion=UNKNOWN, markerStart=2.0, maxTime=0.0, minTime=0.4, mouseOnly=False, name='unnamed RatingScale', noMouse=True, pos=[0.0, -0.4], precision=1, respKeys=['0', '1', '2', '3'], rightKeys=['right'], scale=str(...), self=UNKNOWN, showAccept=True, showValue=True, singleClick=False, size=0.48, skipKeys=['tab'], stretch=1.4, textColor='LightGray', textFont='Helvetica Bold', textSize=0.096, tickHeight=1.0, tickMarks=3.0, win=Window(...))
172.3678 	EXP 	unnamed RatingScale: flipVert = False
172.3678 	EXP 	unnamed RatingScale: autoLog = True
172.7536 	DATA 	Keypress: right
173.0592 	DATA 	Keypress: return
173.0593 	DATA 	RatingScale unnamed RatingScale: (key response) rating=Całkowita
173.0593 	DATA 	RatingScale unnamed RatingScale: rating RT=0.713
173.0593 	DATA 	RatingScale unnamed RatingScale: history=[('Duża', 0.0), ('Całkowita', 0.407), ('Całkowita', 0.713)]
177.8679 	DATA 	Keypress: left
177.9049 	EXP 	Created unnamed RatingScale = RatingScale(__class__=type(...), acceptKeys=['return'], acceptPreText=UNKNOWN, acceptSize=UNKNOWN, acceptText='accept?', autoLog=True, choices=['Żadna', 'Mała', 'Duża', 'Całkowita'], depth=0, disappear=False, flipVert=False, high=3, kwargs=UNKNOWN, labels=list(...), leftKeys=['left'], lineColor='White', low=0, marker=ShapeStim(...), markerColor='DarkBlue', markerExpansion=UNKNOWN, markerStart=2.0, maxTime=0.0, minTime=0.4, mouseOnly=False, name='unnamed RatingScale', noMouse=True, pos=[0.0, -0.4], precision=1, respKeys=['0', '1', '2', '3'], rightKeys=['right'], scale=str(...), self=UNKNOWN, showAccept=True, showValue=True, singleClick=False, size=0.48, skipKeys=['tab'], stretch=1.4, textColor='LightGray', textFont='Helvetica Bold', textSize=0.096, tickHeight=1.0, tickMarks=3.0, win=Window(...))
177.9347 	EXP 	unnamed RatingScale: flipVert = False
177.9347 	EXP 	unnamed RatingScale: autoLog = True
178.2641 	DATA 	Keypress: return
178.7702 	DATA 	Keypress: return
178.7703 	DATA 	RatingScale unnamed RatingScale: (key response) rating=Duża
178.7704 	DATA 	RatingScale unnamed RatingScale: rating RT=0.865
178.7704 	DATA 	RatingScale unnamed RatingScale: history=[('Duża', 0.0), ('Duża', 0.865)]
183.1354 	DATA 	Keypress: left
183.1728 	EXP 	Created unnamed RatingScale = RatingScale(__class__=type(...), acceptKeys=['return'], acceptPreText=UNKNOWN, acceptSize=UNKNOWN, acceptText='accept?', autoLog=True, choices=['Żadna', 'Mała', 'Duża', 'Całkowita'], depth=0, disappear=False, flipVert=False, high=3, kwargs=UNKNOWN, labels=list(...), leftKeys=['left'], lineColor='White', low=0, marker=ShapeStim(...), markerColor='DarkBlue', markerExpansion=UNKNOWN, markerStart=2.0, maxTime=0.0, minTime=0.4, mouseOnly=False, name='unnamed RatingScale', noMouse=True, pos=[0.0, -0.4], precision=1, respKeys=['0', '1', '2', '3'], rightKeys=['right'], scale=str(...), self=UNKNOWN, showAccept=True, showValue=True, singleClick=False, size=0.48, skipKeys=['tab'], stretch=1.4, textColor='LightGray', textFont='Helvetica Bold', textSize=0.096, tickHeight=1.0, tickMarks=3.0, win=Window(...))
183.2035 	EXP 	unnamed RatingScale: flipVert = False
183.2035 	EXP 	unnamed RatingScale: autoLog = True
183.6044 	DATA 	Keypress: right
184.0061 	DATA 	Keypress: return
184.0062 	DATA 	RatingScale unnamed RatingScale: (key response) rating=Całkowita
184.0062 	DATA 	RatingScale unnamed RatingScale: rating RT=0.833
184.0063 	DATA 	RatingScale unnamed RatingScale: history=[('Duża', 0.0), ('Całkowita', 0.432), ('Całkowita', 0.833)]
186.6899 	EXP 	Created unnamed Circle = Circle(__class__=<class 'psychopy.visual.circle.Circle'>, autoDraw=False, autoLog=True, closeShape=True, color=method-wrapper(...), colorSpace=None, contrast=1.0, depth=0, fillColor='#f2f2f2', fillColorSpace='hex', fillRGB=array([242, 242, 242]), interpolate=True, lineColor='#f2f2f2', lineColorSpace='hex', lineRGB=array([242, 242, 242]), lineWidth=1.5, name='unnamed Circle', opacity=1.0, ori=array(0.), pos=array([-60.,   0.]), size=array([1., 1.]), units='pix', vertices=ndarray(...), win=Window(...))
186.6924 	EXP 	Created unnamed Circle = Circle(__class__=<class 'psychopy.visual.circle.Circle'>, autoDraw=False, autoLog=True, closeShape=True, color=method-wrapper(...), colorSpace=None, contrast=1.0, depth=0, fillColor='#f2f2f2', fillColorSpace='hex', fillRGB=array([242, 242, 242]), interpolate=True, lineColor='#f2f2f2', lineColorSpace='hex', lineRGB=array([242, 242, 242]), lineWidth=1.5, name='unnamed Circle', opacity=1.0, ori=array(0.), pos=array([60.,  0.]), size=array([1., 1.]), units='pix', vertices=ndarray(...), win=Window(...))
186.7082 	EXP 	Created unnamed ImageStim = ImageStim(__class__=<class 'psychopy.visual.image.ImageStim'>, autoLog=True, color=array([1., 1., 1.]), colorSpace='rgb', contrast=1.0, depth=0, flipHoriz=False, flipVert=False, image='./stims/PRE_STIMULI.bmp', interpolate=False, mask=None, maskParams=None, name='unnamed ImageStim', opacity=1.0, ori=0.0, pos=array([0., 0.]), size=array([960, 720]), texRes=128, units='pix', win=Window(...))
186.7128 	EXP 	Created unnamed TextStim = TextStim(__class__=<class 'psychopy.visual.text.TextStim'>, alignHoriz=method-wrapper(...), alignText='center', alignVert=method-wrapper(...), anchorHoriz='center', anchorVert='center', antialias=True, autoLog=True, bold=False, color='#f2f2f2', colorSpace='hex', contrast=1.0, depth=0, flipHoriz=False, flipVert=False, font='', fontFiles=[], height=30, italic=False, languageStyle='LTR', name='unnamed TextStim', opacity=1.0, ori=0.0, pos=array([   0., -200.]), rgb=array([242, 242, 242]), text='←       →', units='pix', win=Window(...), wrapWidth=500)
186.7206 	EXP 	Created unnamed TextStim = TextStim(__class__=<class 'psychopy.visual.text.TextStim'>, alignHoriz=method-wrapper(...), alignText='center', alignVert=method-wrapper(...), anchorHoriz='center', anchorVert='center', antialias=True, autoLog=True, bold=False, color='#f2f2f2', colorSpace='hex', contrast=1.0, depth=0, flipHoriz=False, flipVert=False, font='', fontFiles=[], height=20, italic=False, languageStyle='LTR', name='unnamed TextStim', opacity=1.0, ori=0.0, pos=array([   0., -180.]), rgb=array([242, 242, 242]), text='Które kółko znikneło pierwsze?', units='pix', win=Window(...), wrapWidth=500)
186.8030 	EXP 	Created unnamed TextStim = TextStim(__class__=<class 'psychopy.visual.text.TextStim'>, alignHoriz=method-wrapper(...), alignText='center', alignVert=method-wrapper(...), anchorHoriz='center', anchorVert='center', antialias=True, autoLog=True, bold=False, color='#f2f2f2', colorSpace='hex', contrast=1.0, depth=0, flipHoriz=False, flipVert=False, font='', fontFiles=[], height=30, italic=False, languageStyle='LTR', name='unnamed TextStim', opacity=1.0, ori=0.0, pos=array([0., 0.]), rgb=array([242, 242, 242]), text=str(...), units='pix', win=Window(...), wrapWidth=1920)
200.0668 	DATA 	Keypress: space
203.4194 	DATA 	Keypress: left
203.4482 	EXP 	Created unnamed RatingScale = RatingScale(__class__=type(...), acceptKeys=['return'], acceptPreText=UNKNOWN, acceptSize=UNKNOWN, acceptText='accept?', autoLog=True, choices=['Żadna', 'Mała', 'Duża', 'Całkowita'], depth=0, disappear=False, flipVert=False, high=3, kwargs=UNKNOWN, labels=list(...), leftKeys=['left'], lineColor='White', low=0, marker=ShapeStim(...), markerColor='DarkBlue', markerExpansion=UNKNOWN, markerStart=2.0, maxTime=0.0, minTime=0.4, mouseOnly=False, name='unnamed RatingScale', noMouse=True, pos=[0.0, -0.4], precision=1, respKeys=['0', '1', '2', '3'], rightKeys=['right'], scale=str(...), self=UNKNOWN, showAccept=True, showValue=True, singleClick=False, size=0.48, skipKeys=['tab'], stretch=1.4, textColor='LightGray', textFont='Helvetica Bold', textSize=0.096, tickHeight=1.0, tickMarks=3.0, win=Window(...))
203.4693 	EXP 	unnamed RatingScale: flipVert = False
203.4693 	EXP 	unnamed RatingScale: autoLog = True
204.2940 	DATA 	Keypress: return
204.2942 	DATA 	RatingScale unnamed RatingScale: (key response) rating=Duża
204.2942 	DATA 	RatingScale unnamed RatingScale: rating RT=0.846
204.2942 	DATA 	RatingScale unnamed RatingScale: history=[('Duża', 0.0), ('Duża', 0.846)]
209.5716 	DATA 	Keypress: left
209.5938 	EXP 	Created unnamed RatingScale = RatingScale(__class__=type(...), acceptKeys=['return'], acceptPreText=UNKNOWN, acceptSize=UNKNOWN, acceptText='accept?', autoLog=True, choices=['Żadna', 'Mała', 'Duża', 'Całkowita'], depth=0, disappear=False, flipVert=False, high=3, kwargs=UNKNOWN, labels=list(...), leftKeys=['left'], lineColor='White', low=0, marker=ShapeStim(...), markerColor='DarkBlue', markerExpansion=UNKNOWN, markerStart=2.0, maxTime=0.0, minTime=0.4, mouseOnly=False, name='unnamed RatingScale', noMouse=True, pos=[0.0, -0.4], precision=1, respKeys=['0', '1', '2', '3'], rightKeys=['right'], scale=str(...), self=UNKNOWN, showAccept=True, showValue=True, singleClick=False, size=0.48, skipKeys=['tab'], stretch=1.4, textColor='LightGray', textFont='Helvetica Bold', textSize=0.096, tickHeight=1.0, tickMarks=3.0, win=Window(...))
209.6195 	EXP 	unnamed RatingScale: flipVert = False
209.6195 	EXP 	unnamed RatingScale: autoLog = True
210.0435 	DATA 	Keypress: right
210.4277 	DATA 	Keypress: return
210.4279 	DATA 	RatingScale unnamed RatingScale: (key response) rating=Całkowita
210.4279 	DATA 	RatingScale unnamed RatingScale: rating RT=0.834
210.4280 	DATA 	RatingScale unnamed RatingScale: history=[('Duża', 0.0), ('Całkowita', 0.45), ('Całkowita', 0.834)]
217.0033 	DATA 	Keypress: right
217.0206 	EXP 	Created unnamed RatingScale = RatingScale(__class__=type(...), acceptKeys=['return'], acceptPreText=UNKNOWN, acceptSize=UNKNOWN, acceptText='accept?', autoLog=True, choices=['Żadna', 'Mała', 'Duża', 'Całkowita'], depth=0, disappear=False, flipVert=False, high=3, kwargs=UNKNOWN, labels=list(...), leftKeys=['left'], lineColor='White', low=0, marker=ShapeStim(...), markerColor='DarkBlue', markerExpansion=UNKNOWN, markerStart=2.0, maxTime=0.0, minTime=0.4, mouseOnly=False, name='unnamed RatingScale', noMouse=True, pos=[0.0, -0.4], precision=1, respKeys=['0', '1', '2', '3'], rightKeys=['right'], scale=str(...), self=UNKNOWN, showAccept=True, showValue=True, singleClick=False, size=0.48, skipKeys=['tab'], stretch=1.4, textColor='LightGray', textFont='Helvetica Bold', textSize=0.096, tickHeight=1.0, tickMarks=3.0, win=Window(...))
217.0364 	EXP 	unnamed RatingScale: flipVert = False
217.0364 	EXP 	unnamed RatingScale: autoLog = True
217.4886 	DATA 	Keypress: right
217.8397 	DATA 	Keypress: return
217.8398 	DATA 	RatingScale unnamed RatingScale: (key response) rating=Całkowita
217.8398 	DATA 	RatingScale unnamed RatingScale: rating RT=0.819
217.8398 	DATA 	RatingScale unnamed RatingScale: history=[('Duża', 0.0), ('Całkowita', 0.468), ('Całkowita', 0.819)]
224.4078 	DATA 	Keypress: right
224.4468 	EXP 	Created unnamed RatingScale = RatingScale(__class__=type(...), acceptKeys=['return'], acceptPreText=UNKNOWN, acceptSize=UNKNOWN, acceptText='accept?', autoLog=True, choices=['Żadna', 'Mała', 'Duża', 'Całkowita'], depth=0, disappear=False, flipVert=False, high=3, kwargs=UNKNOWN, labels=list(...), leftKeys=['left'], lineColor='White', low=0, marker=ShapeStim(...), markerColor='DarkBlue', markerExpansion=UNKNOWN, markerStart=2.0, maxTime=0.0, minTime=0.4, mouseOnly=False, name='unnamed RatingScale', noMouse=True, pos=[0.0, -0.4], precision=1, respKeys=['0', '1', '2', '3'], rightKeys=['right'], scale=str(...), self=UNKNOWN, showAccept=True, showValue=True, singleClick=False, size=0.48, skipKeys=['tab'], stretch=1.4, textColor='LightGray', textFont='Helvetica Bold', textSize=0.096, tickHeight=1.0, tickMarks=3.0, win=Window(...))
224.4703 	EXP 	unnamed RatingScale: flipVert = False
224.4703 	EXP 	unnamed RatingScale: autoLog = True
224.9727 	DATA 	Keypress: right
225.4232 	DATA 	Keypress: return
225.4233 	DATA 	RatingScale unnamed RatingScale: (key response) rating=Całkowita
225.4233 	DATA 	RatingScale unnamed RatingScale: rating RT=0.976
225.4233 	DATA 	RatingScale unnamed RatingScale: history=[('Duża', 0.0), ('Całkowita', 0.526), ('Całkowita', 0.976)]
231.3208 	DATA 	Keypress: left
231.3429 	EXP 	Created unnamed RatingScale = RatingScale(__class__=type(...), acceptKeys=['return'], acceptPreText=UNKNOWN, acceptSize=UNKNOWN, acceptText='accept?', autoLog=True, choices=['Żadna', 'Mała', 'Duża', 'Całkowita'], depth=0, disappear=False, flipVert=False, high=3, kwargs=UNKNOWN, labels=list(...), leftKeys=['left'], lineColor='White', low=0, marker=ShapeStim(...), markerColor='DarkBlue', markerExpansion=UNKNOWN, markerStart=2.0, maxTime=0.0, minTime=0.4, mouseOnly=False, name='unnamed RatingScale', noMouse=True, pos=[0.0, -0.4], precision=1, respKeys=['0', '1', '2', '3'], rightKeys=['right'], scale=str(...), self=UNKNOWN, showAccept=True, showValue=True, singleClick=False, size=0.48, skipKeys=['tab'], stretch=1.4, textColor='LightGray', textFont='Helvetica Bold', textSize=0.096, tickHeight=1.0, tickMarks=3.0, win=Window(...))
231.3540 	EXP 	unnamed RatingScale: flipVert = False
231.3540 	EXP 	unnamed RatingScale: autoLog = True
235.2224 	DATA 	Keypress: right
235.5563 	DATA 	Keypress: return
235.5564 	DATA 	RatingScale unnamed RatingScale: (key response) rating=Całkowita
235.5564 	DATA 	RatingScale unnamed RatingScale: rating RT=4.213
235.5564 	DATA 	RatingScale unnamed RatingScale: history=[('Duża', 0.0), ('Całkowita', 3.88), ('Całkowita', 4.213)]
242.3727 	DATA 	Keypress: left
242.4262 	EXP 	Created unnamed RatingScale = RatingScale(__class__=type(...), acceptKeys=['return'], acceptPreText=UNKNOWN, acceptSize=UNKNOWN, acceptText='accept?', autoLog=True, choices=['Żadna', 'Mała', 'Duża', 'Całkowita'], depth=0, disappear=False, flipVert=False, high=3, kwargs=UNKNOWN, labels=list(...), leftKeys=['left'], lineColor='White', low=0, marker=ShapeStim(...), markerColor='DarkBlue', markerExpansion=UNKNOWN, markerStart=2.0, maxTime=0.0, minTime=0.4, mouseOnly=False, name='unnamed RatingScale', noMouse=True, pos=[0.0, -0.4], precision=1, respKeys=['0', '1', '2', '3'], rightKeys=['right'], scale=str(...), self=UNKNOWN, showAccept=True, showValue=True, singleClick=False, size=0.48, skipKeys=['tab'], stretch=1.4, textColor='LightGray', textFont='Helvetica Bold', textSize=0.096, tickHeight=1.0, tickMarks=3.0, win=Window(...))
242.4547 	EXP 	unnamed RatingScale: flipVert = False
242.4547 	EXP 	unnamed RatingScale: autoLog = True
249.1297 	DATA 	Keypress: right
249.4575 	DATA 	Keypress: return
249.4576 	DATA 	RatingScale unnamed RatingScale: (key response) rating=Całkowita
249.4576 	DATA 	RatingScale unnamed RatingScale: rating RT=7.031
249.4577 	DATA 	RatingScale unnamed RatingScale: history=[('Duża', 0.0), ('Całkowita', 6.704), ('Całkowita', 7.031)]
251.7477 	EXP 	Created unnamed TextStim = TextStim(__class__=<class 'psychopy.visual.text.TextStim'>, alignHoriz=method-wrapper(...), alignText='center', alignVert=method-wrapper(...), anchorHoriz='center', anchorVert='center', antialias=True, autoLog=True, bold=False, color='#f2f2f2', colorSpace='hex', contrast=1.0, depth=0, flipHoriz=False, flipVert=False, font='', fontFiles=[], height=30, italic=False, languageStyle='LTR', name='unnamed TextStim', opacity=1.0, ori=0.0, pos=array([0., 0.]), rgb=array([242, 242, 242]), text=str(...), units='pix', win=Window(...), wrapWidth=1920)
275.9554 	DATA 	Keypress: space
279.1231 	DATA 	Keypress: left
279.1577 	EXP 	Created unnamed RatingScale = RatingScale(__class__=type(...), acceptKeys=['return'], acceptPreText=UNKNOWN, acceptSize=UNKNOWN, acceptText='accept?', autoLog=True, choices=['Żadna', 'Mała', 'Duża', 'Całkowita'], depth=0, disappear=False, flipVert=False, high=3, kwargs=UNKNOWN, labels=list(...), leftKeys=['left'], lineColor='White', low=0, marker=ShapeStim(...), markerColor='DarkBlue', markerExpansion=UNKNOWN, markerStart=2.0, maxTime=0.0, minTime=0.4, mouseOnly=False, name='unnamed RatingScale', noMouse=True, pos=[0.0, -0.4], precision=1, respKeys=['0', '1', '2', '3'], rightKeys=['right'], scale=str(...), self=UNKNOWN, showAccept=True, showValue=True, singleClick=False, size=0.48, skipKeys=['tab'], stretch=1.4, textColor='LightGray', textFont='Helvetica Bold', textSize=0.096, tickHeight=1.0, tickMarks=3.0, win=Window(...))
279.1728 	EXP 	unnamed RatingScale: flipVert = False
279.1728 	EXP 	unnamed RatingScale: autoLog = True
279.9084 	DATA 	Keypress: left
280.1953 	DATA 	Keypress: return
280.1955 	DATA 	RatingScale unnamed RatingScale: (key response) rating=Mała
280.1955 	DATA 	RatingScale unnamed RatingScale: rating RT=1.038
280.1956 	DATA 	RatingScale unnamed RatingScale: history=[('Duża', 0.0), ('Mała', 0.751), ('Mała', 1.038)]
285.0066 	DATA 	Keypress: right
285.0259 	EXP 	Created unnamed RatingScale = RatingScale(__class__=type(...), acceptKeys=['return'], acceptPreText=UNKNOWN, acceptSize=UNKNOWN, acceptText='accept?', autoLog=True, choices=['Żadna', 'Mała', 'Duża', 'Całkowita'], depth=0, disappear=False, flipVert=False, high=3, kwargs=UNKNOWN, labels=list(...), leftKeys=['left'], lineColor='White', low=0, marker=ShapeStim(...), markerColor='DarkBlue', markerExpansion=UNKNOWN, markerStart=2.0, maxTime=0.0, minTime=0.4, mouseOnly=False, name='unnamed RatingScale', noMouse=True, pos=[0.0, -0.4], precision=1, respKeys=['0', '1', '2', '3'], rightKeys=['right'], scale=str(...), self=UNKNOWN, showAccept=True, showValue=True, singleClick=False, size=0.48, skipKeys=['tab'], stretch=1.4, textColor='LightGray', textFont='Helvetica Bold', textSize=0.096, tickHeight=1.0, tickMarks=3.0, win=Window(...))
285.0426 	EXP 	unnamed RatingScale: flipVert = False
285.0426 	EXP 	unnamed RatingScale: autoLog = True
285.4660 	DATA 	Keypress: return
285.4661 	DATA 	RatingScale unnamed RatingScale: (key response) rating=Duża
285.4661 	DATA 	RatingScale unnamed RatingScale: rating RT=0.440
285.4662 	DATA 	RatingScale unnamed RatingScale: history=[('Duża', 0.0), ('Duża', 0.44)]
290.0102 	DATA 	Keypress: left
290.0486 	EXP 	Created unnamed RatingScale = RatingScale(__class__=type(...), acceptKeys=['return'], acceptPreText=UNKNOWN, acceptSize=UNKNOWN, acceptText='accept?', autoLog=True, choices=['Żadna', 'Mała', 'Duża', 'Całkowita'], depth=0, disappear=False, flipVert=False, high=3, kwargs=UNKNOWN, labels=list(...), leftKeys=['left'], lineColor='White', low=0, marker=ShapeStim(...), markerColor='DarkBlue', markerExpansion=UNKNOWN, markerStart=2.0, maxTime=0.0, minTime=0.4, mouseOnly=False, name='unnamed RatingScale', noMouse=True, pos=[0.0, -0.4], precision=1, respKeys=['0', '1', '2', '3'], rightKeys=['right'], scale=str(...), self=UNKNOWN, showAccept=True, showValue=True, singleClick=False, size=0.48, skipKeys=['tab'], stretch=1.4, textColor='LightGray', textFont='Helvetica Bold', textSize=0.096, tickHeight=1.0, tickMarks=3.0, win=Window(...))
290.0733 	EXP 	unnamed RatingScale: flipVert = False
290.0733 	EXP 	unnamed RatingScale: autoLog = True
290.5616 	DATA 	Keypress: return
290.5617 	DATA 	RatingScale unnamed RatingScale: (key response) rating=Duża
290.5618 	DATA 	RatingScale unnamed RatingScale: rating RT=0.513
290.5618 	DATA 	RatingScale unnamed RatingScale: history=[('Duża', 0.0), ('Duża', 0.513)]
294.9260 	DATA 	Keypress: left
294.9447 	EXP 	Created unnamed RatingScale = RatingScale(__class__=type(...), acceptKeys=['return'], acceptPreText=UNKNOWN, acceptSize=UNKNOWN, acceptText='accept?', autoLog=True, choices=['Żadna', 'Mała', 'Duża', 'Całkowita'], depth=0, disappear=False, flipVert=False, high=3, kwargs=UNKNOWN, labels=list(...), leftKeys=['left'], lineColor='White', low=0, marker=ShapeStim(...), markerColor='DarkBlue', markerExpansion=UNKNOWN, markerStart=2.0, maxTime=0.0, minTime=0.4, mouseOnly=False, name='unnamed RatingScale', noMouse=True, pos=[0.0, -0.4], precision=1, respKeys=['0', '1', '2', '3'], rightKeys=['right'], scale=str(...), self=UNKNOWN, showAccept=True, showValue=True, singleClick=False, size=0.48, skipKeys=['tab'], stretch=1.4, textColor='LightGray', textFont='Helvetica Bold', textSize=0.096, tickHeight=1.0, tickMarks=3.0, win=Window(...))
294.9567 	EXP 	unnamed RatingScale: flipVert = False
294.9567 	EXP 	unnamed RatingScale: autoLog = True
295.4613 	DATA 	Keypress: return
295.4614 	DATA 	RatingScale unnamed RatingScale: (key response) rating=Duża
295.4614 	DATA 	RatingScale unnamed RatingScale: rating RT=0.517
295.4615 	DATA 	RatingScale unnamed RatingScale: history=[('Duża', 0.0), ('Duża', 0.517)]
298.5071 	EXP 	Created unnamed TextStim = TextStim(__class__=<class 'psychopy.visual.text.TextStim'>, alignHoriz=method-wrapper(...), alignText='center', alignVert=method-wrapper(...), anchorHoriz='center', anchorVert='center', antialias=True, autoLog=True, bold=False, color='#f2f2f2', colorSpace='hex', contrast=1.0, depth=0, flipHoriz=False, flipVert=False, font='', fontFiles=[], height=30, italic=False, languageStyle='LTR', name='unnamed TextStim', opacity=1.0, ori=0.0, pos=array([0., 0.]), rgb=array([242, 242, 242]), text=str(...), units='pix', win=Window(...), wrapWidth=1920)
303.1238 	DATA 	Keypress: space
303.1572 	EXP 	window1: mouseVisible = True
